@!@!@STARTMSG 2262:0 @!@!@
TLC2 Version 2.20 of Day Month 20?? (rev: 30ec586)
@!@!@ENDMSG 2262 @!@!@
@!@!@STARTMSG 2187:0 @!@!@
Running breadth-first search Model-Checking with fp 7 and seed 9002755937929985356 with 8 workers on 8 cores with 5305MB heap and 64MB offheap memory [pid: 11326] (Linux 6.14.0-27-generic amd64, Ubuntu 17.0.17 x86_64, MSBDiskFPSet, DiskStateQueue).
@!@!@ENDMSG 2187 @!@!@
@!@!@STARTMSG 2220:0 @!@!@
Starting SANY...
@!@!@ENDMSG 2220 @!@!@
Parsing file /home/propietario/Documentos/ISI/ISI/PARCIAL_1/torniquetes.tla
Warning: symbols were renamed.
Parsing file /tmp/tlc-13548201123079763620/FiniteSets.tla (jar:file:/home/propietario/.vscode-oss/extensions/tlaplus.vscode-ide-2025.11.241837-universal/tools/tla2tools.jar!/tla2sany/StandardModules/FiniteSets.tla)
Parsing file /tmp/tlc-13548201123079763620/Integers.tla (jar:file:/home/propietario/.vscode-oss/extensions/tlaplus.vscode-ide-2025.11.241837-universal/tools/tla2tools.jar!/tla2sany/StandardModules/Integers.tla)
Parsing file /tmp/tlc-13548201123079763620/Naturals.tla (jar:file:/home/propietario/.vscode-oss/extensions/tlaplus.vscode-ide-2025.11.241837-universal/tools/tla2tools.jar!/tla2sany/StandardModules/Naturals.tla)
Parsing file /tmp/tlc-13548201123079763620/Sequences.tla (jar:file:/home/propietario/.vscode-oss/extensions/tlaplus.vscode-ide-2025.11.241837-universal/tools/tla2tools.jar!/tla2sany/StandardModules/Sequences.tla)
Semantic processing of module Naturals
Semantic processing of module Sequences
Semantic processing of module FiniteSets
Semantic processing of module Integers
Semantic processing of module torniquetes
Linting of module torniquetes
@!@!@STARTMSG 2219:0 @!@!@
SANY finished.
@!@!@ENDMSG 2219 @!@!@
@!@!@STARTMSG 2185:0 @!@!@
Starting... (2025-11-26 15:07:02)
@!@!@ENDMSG 2185 @!@!@
@!@!@STARTMSG 2212:0 @!@!@
Implied-temporal checking--satisfiability problem has 1 branches.
@!@!@ENDMSG 2212 @!@!@
@!@!@STARTMSG 2189:0 @!@!@
Computing initial states...
@!@!@ENDMSG 2189 @!@!@
@!@!@STARTMSG 2190:0 @!@!@
Finished computing initial states: 1 distinct state generated at 2025-11-26 15:07:03.
@!@!@ENDMSG 2190 @!@!@
@!@!@STARTMSG 2192:0 @!@!@
Checking temporal properties for the current state space with 16492 total distinct states at (2025-11-26 15:07:06)
@!@!@ENDMSG 2192 @!@!@
@!@!@STARTMSG 2267:0 @!@!@
Finished checking temporal properties in 00s at 2025-11-26 15:07:06
@!@!@ENDMSG 2267 @!@!@
@!@!@STARTMSG 2200:0 @!@!@
Progress(10) at 2025-11-26 15:07:06: 211.542 states generated (211.542 s/min), 16.493 distinct states found (16.493 ds/min), 7.879 states left on queue.
@!@!@ENDMSG 2200 @!@!@
@!@!@STARTMSG 2200:0 @!@!@
Progress(21) at 2025-11-26 15:07:14: 1.026.792 states generated, 58.651 distinct states found, 0 states left on queue.
@!@!@ENDMSG 2200 @!@!@
@!@!@STARTMSG 2192:0 @!@!@
Checking temporal properties for the complete state space with 58651 total distinct states at (2025-11-26 15:07:14)
@!@!@ENDMSG 2192 @!@!@
@!@!@STARTMSG 2267:0 @!@!@
Finished checking temporal properties in 00s at 2025-11-26 15:07:14
@!@!@ENDMSG 2267 @!@!@
@!@!@STARTMSG 2193:0 @!@!@
Model checking completed. No error has been found.
  Estimates of the probability that TLC did not check all reachable states
  because two distinct states had the same fingerprint:
  calculated (optimistic):  val = 3.1E-9
  based on the actual fingerprints:  val = 3.3E-10
@!@!@ENDMSG 2193 @!@!@
@!@!@STARTMSG 2200:0 @!@!@
Progress(21) at 2025-11-26 15:07:14: 1.026.792 states generated (5.067.658 s/min), 58.651 distinct states found (289.467 ds/min), 0 states left on queue.
@!@!@ENDMSG 2200 @!@!@
@!@!@STARTMSG 2199:0 @!@!@
1026792 states generated, 58651 distinct states found, 0 states left on queue.
@!@!@ENDMSG 2199 @!@!@
@!@!@STARTMSG 2194:0 @!@!@
The depth of the complete state graph search is 21.
@!@!@ENDMSG 2194 @!@!@
@!@!@STARTMSG 2268:0 @!@!@
The average outdegree of the complete state graph is 1 (minimum is 0, the maximum 18 and the 95th percentile is 4).
@!@!@ENDMSG 2268 @!@!@
@!@!@STARTMSG 2186:0 @!@!@
Finished in 12351ms at (2025-11-26 15:07:14)
@!@!@ENDMSG 2186 @!@!@
