@!@!@STARTMSG 2262:0 @!@!@
TLC2 Version 2.20 of Day Month 20?? (rev: 5c7ac66)
@!@!@ENDMSG 2262 @!@!@
@!@!@STARTMSG 2187:0 @!@!@
Running breadth-first search Model-Checking with fp 105 and seed 6863505274893523682 with 8 workers on 8 cores with 5426MB heap and 64MB offheap memory [pid: 31840] (Windows 11 10.0 amd64, Oracle Corporation 17.0.2 x86_64, MSBDiskFPSet, DiskStateQueue).
@!@!@ENDMSG 2187 @!@!@
@!@!@STARTMSG 2220:0 @!@!@
Starting SANY...
@!@!@ENDMSG 2220 @!@!@
Parsing file C:\Users\fatmi\OneDrive\Documentos\UNI\QUINTO\ISI\ISI\TLAyPluscal\Ejercicio_8\assessments_3.tla (file:/c:/Users/fatmi/OneDrive/Documentos/UNI/QUINTO/ISI/ISI/TLAyPluscal/Ejercicio_8/assessments_3.tla)
Semantic processing of module assessments_3
Linting of module assessments_3
@!@!@STARTMSG 2219:0 @!@!@
SANY finished.
@!@!@ENDMSG 2219 @!@!@
@!@!@STARTMSG 2185:0 @!@!@
Starting... (2025-10-22 10:12:21)
@!@!@ENDMSG 2185 @!@!@
@!@!@STARTMSG 2255:3 @!@!@
The formula AllStudentsGradedbyProf is a state-level formula, but it was used as a PROPERTY (or PROPERTIES), where a temporal formula is typically expected. State-level formulas used as PROPERTY or PROPERTIES are only checked in the initial state. To verify that the formula AllStudentsGradedbyProf holds in all states of every behavior, use INVARIANT AllStudentsGradedbyProf instead. Alternatively, applying the "always" temporal operator (?) to the state-level formula AllStudentsGradedbyProf changes it into a temporal formula, asserting that AllStudentsGradedbyProf holds in all states of every behavior. See https://explain.tlapl.us/invariants-and-properties for additional details.
@!@!@ENDMSG 2255 @!@!@
@!@!@STARTMSG 2259:3 @!@!@
Temporal properties (PROPERTY or PROPERTIES) are being verified without a fairness constraint conjoined to the behavior specification Spec defined at line 108, col 1 to line 108, col 29 of module assessments_3. This may lead to trivial counterexamples in which the system exhibits infinite stuttering immediately after the initial state. To avoid this, it is recommended to conjoin a suitable fairness constraint to Spec (compare Chapter 8, page 87ff of Specifying Systems at https://lamport.azurewebsites.net/tla/book.html).
@!@!@ENDMSG 2259 @!@!@
@!@!@STARTMSG 2212:0 @!@!@
Implied-temporal checking--satisfiability problem has 1 branches.
@!@!@ENDMSG 2212 @!@!@
@!@!@STARTMSG 2189:0 @!@!@
Computing initial states...
@!@!@ENDMSG 2189 @!@!@
@!@!@STARTMSG 2190:0 @!@!@
Finished computing initial states: 1 distinct state generated at 2025-10-22 10:12:21.
@!@!@ENDMSG 2190 @!@!@
@!@!@STARTMSG 2200:0 @!@!@
Progress(6) at 2025-10-22 10:12:22: 1.439 states generated, 782 distinct states found, 0 states left on queue.
@!@!@ENDMSG 2200 @!@!@
@!@!@STARTMSG 2192:0 @!@!@
Checking temporal properties for the complete state space with 782 total distinct states at (2025-10-22 10:12:22)
@!@!@ENDMSG 2192 @!@!@
@!@!@STARTMSG 2116:1 @!@!@
Temporal properties were violated.

@!@!@ENDMSG 2116 @!@!@
@!@!@STARTMSG 2264:1 @!@!@
The following behavior constitutes a counter-example:

@!@!@ENDMSG 2264 @!@!@
@!@!@STARTMSG 2217:4 @!@!@
1: <Initial predicate>
/\ graded_students = [prof_1 |-> {}, prof_2 |-> {}]
/\ selected = [prof_1 |-> {}, prof_2 |-> {}]
/\ pc = [prof_1 |-> "SelectStudents", prof_2 |-> "SelectStudents", cleanup |-> "Finally"]
/\ locked = {}

@!@!@ENDMSG 2217 @!@!@
@!@!@STARTMSG 2217:4 @!@!@
2: <SelectStudents("prof_2") line 73, col 25 to line 78, col 52 of module assessments_3>
/\ graded_students = [prof_1 |-> {}, prof_2 |-> {}]
/\ selected = [prof_1 |-> {}, prof_2 |-> {"student_3"}]
/\ pc = [prof_1 |-> "SelectStudents", prof_2 |-> "ExamDay", cleanup |-> "Finally"]
/\ locked = {"student_3"}

@!@!@ENDMSG 2217 @!@!@
@!@!@STARTMSG 2217:4 @!@!@
3: <SelectStudents("prof_1") line 73, col 25 to line 78, col 52 of module assessments_3>
/\ graded_students = [prof_1 |-> {}, prof_2 |-> {}]
/\ selected = [prof_1 |-> {"student_1", "student_2"}, prof_2 |-> {"student_3"}]
/\ pc = [prof_1 |-> "ExamDay", prof_2 |-> "ExamDay", cleanup |-> "Finally"]
/\ locked = {"student_1", "student_2", "student_3"}

@!@!@ENDMSG 2217 @!@!@
@!@!@STARTMSG 2217:4 @!@!@
4: <ExamDay("prof_1") line 80, col 18 to line 87, col 38 of module assessments_3>
/\ graded_students = [prof_1 |-> {}, prof_2 |-> {}]
/\ selected = [prof_1 |-> {"student_1", "student_2"}, prof_2 |-> {"student_3"}]
/\ pc = [prof_1 |-> "Done", prof_2 |-> "ExamDay", cleanup |-> "Finally"]
/\ locked = {"student_3"}

@!@!@ENDMSG 2217 @!@!@
@!@!@STARTMSG 2217:4 @!@!@
5: <ExamDay("prof_2") line 80, col 18 to line 87, col 38 of module assessments_3>
/\ graded_students = [prof_1 |-> {}, prof_2 |-> {"student_3"}]
/\ selected = [prof_1 |-> {"student_1", "student_2"}, prof_2 |-> {"student_3"}]
/\ pc = [prof_1 |-> "Done", prof_2 |-> "Done", cleanup |-> "Finally"]
/\ locked = {"student_3"}

@!@!@ENDMSG 2217 @!@!@
@!@!@STARTMSG 2218:4 @!@!@
6: Stuttering
@!@!@ENDMSG 2218 @!@!@
@!@!@STARTMSG 2267:0 @!@!@
Finished checking temporal properties in 00s at 2025-10-22 10:12:22
@!@!@ENDMSG 2267 @!@!@
@!@!@STARTMSG 2200:0 @!@!@
Progress(6) at 2025-10-22 10:12:22: 1.439 states generated (50.491 s/min), 782 distinct states found (27.438 ds/min), 0 states left on queue.
@!@!@ENDMSG 2200 @!@!@
@!@!@STARTMSG 2199:0 @!@!@
1439 states generated, 782 distinct states found, 0 states left on queue.
@!@!@ENDMSG 2199 @!@!@
@!@!@STARTMSG 2194:0 @!@!@
The depth of the complete state graph search is 6.
@!@!@ENDMSG 2194 @!@!@
@!@!@STARTMSG 2186:0 @!@!@
Finished in 1725ms at (2025-10-22 10:12:22)
@!@!@ENDMSG 2186 @!@!@
